[debug] [2021-05-25T14:26:57.500Z] ----------------------------------------------------------------------
[debug] [2021-05-25T14:26:57.502Z] Command:       C:\Program Files\nodejs\node.exe C:\Users\poena\AppData\Roaming\npm\node_modules\firebase-tools\lib\bin\firebase.js init
[debug] [2021-05-25T14:26:57.502Z] CLI Version:   9.11.0
[debug] [2021-05-25T14:26:57.502Z] Platform:      win32
[debug] [2021-05-25T14:26:57.502Z] Node Version:  v14.17.0
[debug] [2021-05-25T14:26:57.503Z] Time:          Tue May 25 2021 17:26:57 GMT+0300 (Eastern European Summer Time)
[debug] [2021-05-25T14:26:57.503Z] ----------------------------------------------------------------------
[debug] 
[debug] [2021-05-25T14:26:57.509Z] > command requires scopes: ["email","openid","https://www.googleapis.com/auth/cloudplatformprojects.readonly","https://www.googleapis.com/auth/firebase","https://www.googleapis.com/auth/cloud-platform"]
[debug] [2021-05-25T14:26:57.509Z] > authorizing via signed-in user (kindkid98@gmail.com)
[info] 
     ######## #### ########  ######## ########     ###     ######  ########
     ##        ##  ##     ## ##       ##     ##  ##   ##  ##       ##
     ######    ##  ########  ######   ########  #########  ######  ######
     ##        ##  ##    ##  ##       ##     ## ##     ##       ## ##
     ##       #### ##     ## ######## ########  ##     ##  ######  ########

You're about to initialize a Firebase project in this directory:

  C:\Users\poena\Desktop\eCom

[info] 
=== Project Setup
[info] 
[info] First, let's associate this project directory with a Firebase project.
[info] You can create multiple project aliases by running firebase use --add, 
[info] but for now we'll just set up a default project.
[info] 
[debug] [2021-05-25T14:27:01.168Z] >>> [apiv2][query] GET https://firebase.googleapis.com/v1beta1/projects pageSize=100
[debug] [2021-05-25T14:27:01.612Z] <<< [apiv2][status] GET https://firebase.googleapis.com/v1beta1/projects 200
[debug] [2021-05-25T14:27:01.612Z] <<< [apiv2][body] GET https://firebase.googleapis.com/v1beta1/projects [omitted]
[info] i  Using project ecom-w (ecommerce) 
[info] 
=== Hosting Setup
[info] 
[info] Your public directory is the folder (relative to your project directory) that
[info] will contain Hosting assets to be uploaded with firebase deploy. If you
[info] have a build process for your assets, use your build's output directory.
[info] 
[debug] [2021-05-25T14:28:55.485Z] >>> [apiv2][query] GET https://www.gstatic.com/firebasejs/releases.json [none]
[debug] [2021-05-25T14:29:33.715Z] ----------------------------------------------------------------------
[debug] [2021-05-25T14:29:33.717Z] Command:       C:\Program Files\nodejs\node.exe C:\Users\poena\AppData\Roaming\npm\node_modules\firebase-tools\lib\bin\firebase.js init
[debug] [2021-05-25T14:29:33.717Z] CLI Version:   9.11.0
[debug] [2021-05-25T14:29:33.717Z] Platform:      win32
[debug] [2021-05-25T14:29:33.717Z] Node Version:  v14.17.0
[debug] [2021-05-25T14:29:33.718Z] Time:          Tue May 25 2021 17:29:33 GMT+0300 (Eastern European Summer Time)
[debug] [2021-05-25T14:29:33.718Z] ----------------------------------------------------------------------
[debug] 
[debug] [2021-05-25T14:29:33.724Z] > command requires scopes: ["email","openid","https://www.googleapis.com/auth/cloudplatformprojects.readonly","https://www.googleapis.com/auth/firebase","https://www.googleapis.com/auth/cloud-platform"]
[debug] [2021-05-25T14:29:33.724Z] > authorizing via signed-in user (kindkid98@gmail.com)
[info] 
     ######## #### ########  ######## ########     ###     ######  ########
     ##        ##  ##     ## ##       ##     ##  ##   ##  ##       ##
     ######    ##  ########  ######   ########  #########  ######  ######
     ##        ##  ##    ##  ##       ##     ## ##     ##       ## ##
     ##       #### ##     ## ######## ########  ##     ##  ######  ########

You're about to initialize a Firebase project in this directory:

  C:\Users\poena\Desktop\eCom

